====================================================================
01_create_ds_domain.R
Create SDTM DS Domain from Raw Source Data
====================================================================

Warning message:
package ‘sdtm.oak’ was built under R version 4.5.3 
Warning message:
package ‘pharmaverseraw’ was built under R version 4.5.3 
G3;
Attaching package: ‘dplyr’

gG3;The following objects are masked from ‘package:stats’:

    filter, lag

gG3;The following objects are masked from ‘package:base’:

    intersect, setdiff, setequal, union

g── Attaching core tidyverse packages ─────────────────────────────────────────────────────────── tidyverse 2.0.0 ──
✔ forcats   1.0.1     ✔ readr     2.1.6
✔ ggplot2   4.0.2     ✔ stringr   1.6.0
✔ lubridate 1.9.5     ✔ tibble    3.3.1
✔ purrr     1.2.1     ✔ tidyr     1.3.2
── Conflicts ───────────────────────────────────────────────────────────────────────────── tidyverse_conflicts() ──
✖ dplyr::filter()   masks stats::filter()
✖ dplyr::lag()      masks stats::lag()
✖ readr::problems() masks sdtm.oak::problems()
ℹ Use the conflicted package (<http://conflicted.r-lib.org/>) to force all conflicts to become errors
Warning message:
package ‘ggplot2’ was built under R version 4.5.3 
INFO: Input datasets loaded.
Row count in raw DS (ds_raw):  850 
Subject count in raw DS:  306 

Verbatim term mapping (DSTERM).

Warning message:
There was 1 warning in `mutate()`.
ℹ In argument: `DSDECOD_READY = case_match(...)`.
Caused by warning:
! `case_match()` was deprecated in dplyr 1.2.0.
ℹ Please use `recode_values()` instead.
This warning is displayed once per session.
Call `lifecycle::last_lifecycle_warnings()` to see where this warning was generated. 
G3;ℹ These terms could not be mapped per the controlled terminology: "Ambul Ecg Removal", "Unscheduled 6.1", "Unscheduled 1.1", "Unscheduled 5.1", "Unscheduled 4.1", "Unscheduled 8.2", and "Unscheduled 13.1".
gG3;ℹ These terms could not be mapped per the controlled terminology: "Ambul Ecg Removal", "Unscheduled 6.1", "Unscheduled 1.1", "Unscheduled 5.1", "Unscheduled 4.1", "Unscheduled 8.2", and "Unscheduled 13.1".
gWarning message:
There was 1 warning in `mutate()`.
ℹ In argument: `VISITNUM = case_when(...)`.
Caused by warning:
! NAs introduced by coercion 
Controlled Terminology Mapping.
Count of records with missing DSDECOD:  0 
Frequency check for DSDECOD:

              ADVERSE EVENT                   COMPLETED                       DEATH            LACK OF EFFICACY 
                         92                         654                           3                           4 
          LOST TO FOLLOW-UP          PHYSICIAN DECISION          PROTOCOL VIOLATION              SCREEN FAILURE 
                          2                           3                           6                          52 
STUDY TERMINATED BY SPONSOR       WITHDRAWAL BY SUBJECT                        <NA> 
                          7                          27                           0 

Disposition Category (DSCAT) assigned.
Frequency check for DSCAT:

 DISPOSITION EVENT        OTHER EVENT PROTOCOL MILESTONE               <NA> 
               306                290                254                  0 

ISO 8601 Date/Time mapping.
Count of records with missing DSSTDTC (Start Date):  0 

Final derivations and variable selection complete.
Final subject count in DS domain:  306 
Final DS domain dimensions:  850 x 12 

====================================================================
