====================================================================
02_create_visualizations.R
Generate AE Severity and Incidence Plots with 95% CI
====================================================================

Treatment Arm Denominators (N):
# A tibble: 4 × 2
  ACTARM               N_total
  <chr>                  <int>
1 Placebo                   86
2 Screen Failure            52
3 Xanomeline High Dose      72
4 Xanomeline Low Dose       96

Filter for Safety populationTreatment Arm Denominators (N):
# A tibble: 3 × 2
  ACTARM               N_total
  <chr>                  <int>
1 Placebo                   86
2 Xanomeline High Dose      72
3 Xanomeline Low Dose       96

Severity plot saved as PNG.

Calculating Incidence Rates and 95% CI for Top 10 AEs.
Total number of unique subjects (N):
[1] 306

DIAGNOSTIC: Top 10 AE Incidence Data:
# A tibble: 10 × 5
   AETERM                          n   pct lower upper
   <chr>                       <int> <dbl> <dbl> <dbl>
 1 PRURITUS                       54 17.6  13.5  22.4 
 2 APPLICATION SITE PRURITUS      50 16.3  12.4  21.0 
 3 ERYTHEMA                       36 11.8   8.38 15.9 
 4 APPLICATION SITE ERYTHEMA      30  9.80  6.71 13.7 
 5 RASH                           26  8.50  5.63 12.2 
 6 APPLICATION SITE DERMATITIS    21  6.86  4.30 10.3 
 7 APPLICATION SITE IRRITATION    21  6.86  4.30 10.3 
 8 DIZZINESS                      21  6.86  4.30 10.3 
 9 DIARRHOEA                      17  5.56  3.27  8.75
10 SINUS BRADYCARDIA              17  5.56  3.27  8.75

Top 10 AE plot saved as PNG.
====================================================================
